<?xml version="1.0" encoding="UTF-8"?>
<!-- Generated by org.testng.reporters.JUnitXMLReporter -->
<testsuite ignored="0" hostname="LAPTOP-P1DAJBT9" failures="4" tests="4" name="Orange HRm login verification(failed)" time="110.187" errors="0" timestamp="2022-08-02T16:37:48 IST">
  <testcase classname="TestClasses.DataDrivenOrangeLogin_Test" name="loginTest" time="31.953">
    <failure type="java.lang.AssertionError" message="expected [true] but found [false]">
      <![CDATA[java.lang.AssertionError: expected [true] but found [false]
at TestClasses.DataDrivenOrangeLogin_Test.loginTest(DataDrivenOrangeLogin_Test.java:36)
at java.base/java.util.ArrayList.forEach(ArrayList.java:1511)
... Removed 31 stack frames]]>
    </failure>
  </testcase> <!-- loginTest -->
  <testcase classname="TestClasses.DataDrivenOrangeLogin_Test" name="loginTest" time="24.082">
    <failure type="java.lang.AssertionError" message="expected [true] but found [false]">
      <![CDATA[java.lang.AssertionError: expected [true] but found [false]
at TestClasses.DataDrivenOrangeLogin_Test.loginTest(DataDrivenOrangeLogin_Test.java:36)
at java.base/java.util.ArrayList.forEach(ArrayList.java:1511)
... Removed 31 stack frames]]>
    </failure>
  </testcase> <!-- loginTest -->
  <testcase classname="TestClasses.DataDrivenOrangeLogin_Test" name="loginTest" time="22.798">
    <failure type="java.lang.AssertionError" message="expected [true] but found [false]">
      <![CDATA[java.lang.AssertionError: expected [true] but found [false]
at TestClasses.DataDrivenOrangeLogin_Test.loginTest(DataDrivenOrangeLogin_Test.java:36)
at java.base/java.util.ArrayList.forEach(ArrayList.java:1511)
... Removed 31 stack frames]]>
    </failure>
  </testcase> <!-- loginTest -->
  <testcase classname="TestClasses.DataDrivenOrangeLogin_Test" name="loginTest" time="22.929">
    <failure type="java.lang.AssertionError" message="expected [true] but found [false]">
      <![CDATA[java.lang.AssertionError: expected [true] but found [false]
at TestClasses.DataDrivenOrangeLogin_Test.loginTest(DataDrivenOrangeLogin_Test.java:36)
at java.base/java.util.ArrayList.forEach(ArrayList.java:1511)
... Removed 31 stack frames]]>
    </failure>
  </testcase> <!-- loginTest -->
</testsuite> <!-- Orange HRm login verification(failed) -->
