<?xml version="1.0" encoding="UTF-8"?>
<testng-results ignored="0" total="1" passed="1" failed="0" skipped="0">
  <reporter-output>
  </reporter-output>
  <suite started-at="2022-07-20T11:20:55 IST" name="Default suite" finished-at="2022-07-20T11:21:08 IST" duration-ms="13531">
    <groups>
    </groups>
    <test started-at="2022-07-20T11:20:55 IST" name="Default test" finished-at="2022-07-20T11:21:08 IST" duration-ms="13531">
      <class name="ExtentReports.ExtentReports.OrangeLogin">
        <test-method is-config="true" signature="setup()[pri:0, instance:ExtentReports.ExtentReports.OrangeLogin@52719fb6]" started-at="2022-07-20T11:20:55 IST" name="setup" finished-at="2022-07-20T11:20:57 IST" duration-ms="2034" status="PASS">
          <reporter-output>
          </reporter-output>
        </test-method> <!-- setup -->
        <test-method signature="loginverification()[pri:0, instance:ExtentReports.ExtentReports.OrangeLogin@52719fb6]" started-at="2022-07-20T11:20:57 IST" name="loginverification" finished-at="2022-07-20T11:21:08 IST" duration-ms="11095" status="PASS">
          <reporter-output>
          </reporter-output>
        </test-method> <!-- loginverification -->
        <test-method is-config="true" signature="testClouser()[pri:0, instance:ExtentReports.ExtentReports.OrangeLogin@52719fb6]" started-at="2022-07-20T11:21:08 IST" name="testClouser" finished-at="2022-07-20T11:21:08 IST" duration-ms="260" status="PASS">
          <reporter-output>
          </reporter-output>
        </test-method> <!-- testClouser -->
        <test-method is-config="true" signature="terminate()[pri:0, instance:ExtentReports.ExtentReports.OrangeLogin@52719fb6]" started-at="2022-07-20T11:21:08 IST" name="terminate" finished-at="2022-07-20T11:21:08 IST" duration-ms="85" status="PASS">
          <reporter-output>
          </reporter-output>
        </test-method> <!-- terminate -->
      </class> <!-- ExtentReports.ExtentReports.OrangeLogin -->
    </test> <!-- Default test -->
  </suite> <!-- Default suite -->
</testng-results>
