<?xml version="1.0" encoding="UTF-8"?>
<!-- Generated by org.testng.reporters.JUnitXMLReporter -->
<testsuite ignored="0" hostname="LAPTOP-P1DAJBT9" failures="4" tests="4" name="Orange HRm login verification(failed)(failed)" time="107.847" errors="0" timestamp="2022-08-02T16:41:46 IST">
  <testcase classname="TestClasses.DataDrivenOrangeLogin_Test" name="loginTest" time="30.925">
    <failure type="java.lang.AssertionError" message="expected [true] but found [false]">
      <![CDATA[java.lang.AssertionError: expected [true] but found [false]
at TestClasses.DataDrivenOrangeLogin_Test.loginTest(DataDrivenOrangeLogin_Test.java:36)
at java.base/java.util.ArrayList.forEach(ArrayList.java:1511)
... Removed 31 stack frames]]>
    </failure>
  </testcase> <!-- loginTest -->
  <testcase classname="TestClasses.DataDrivenOrangeLogin_Test" name="loginTest" time="23.771">
    <failure type="java.lang.AssertionError" message="expected [true] but found [false]">
      <![CDATA[java.lang.AssertionError: expected [true] but found [false]
at TestClasses.DataDrivenOrangeLogin_Test.loginTest(DataDrivenOrangeLogin_Test.java:36)
at java.base/java.util.ArrayList.forEach(ArrayList.java:1511)
... Removed 31 stack frames]]>
    </failure>
  </testcase> <!-- loginTest -->
  <testcase classname="TestClasses.DataDrivenOrangeLogin_Test" name="loginTest" time="23.071">
    <failure type="java.lang.AssertionError" message="expected [true] but found [false]">
      <![CDATA[java.lang.AssertionError: expected [true] but found [false]
at TestClasses.DataDrivenOrangeLogin_Test.loginTest(DataDrivenOrangeLogin_Test.java:36)
at java.base/java.util.ArrayList.forEach(ArrayList.java:1511)
... Removed 31 stack frames]]>
    </failure>
  </testcase> <!-- loginTest -->
  <testcase classname="TestClasses.DataDrivenOrangeLogin_Test" name="loginTest" time="23.278">
    <failure type="java.lang.AssertionError" message="expected [true] but found [false]">
      <![CDATA[java.lang.AssertionError: expected [true] but found [false]
at TestClasses.DataDrivenOrangeLogin_Test.loginTest(DataDrivenOrangeLogin_Test.java:36)
at java.base/java.util.ArrayList.forEach(ArrayList.java:1511)
... Removed 31 stack frames]]>
    </failure>
  </testcase> <!-- loginTest -->
</testsuite> <!-- Orange HRm login verification(failed)(failed) -->
